<?xml version="1.0" encoding="UTF-8"?>
<robot generator="Robot 7.4.1 (Python 3.14.2 on win32)" generated="2026-01-01T22:17:12.841583" rpa="false" schemaversion="5">
<suite id="s1" name="Test6bot" source="C:\SoftEng\TestAutomationLab\Test2_3\Test6bot.robot">
<test id="s1-t1" name="TC_01: Open website" line="11">
<kw name="Evaluate" owner="BuiltIn">
<msg time="2026-01-01T22:17:13.341797" level="INFO">${options} = &lt;selenium.webdriver.chrome.options.Options object at 0x0000020A765592B0&gt;</msg>
<var>${options}</var>
<arg>sys.modules['selenium.webdriver'].ChromeOptions()</arg>
<arg>sys</arg>
<doc>Evaluates the given expression in Python and returns the result.</doc>
<status status="PASS" start="2026-01-01T22:17:13.339488" elapsed="0.002430"/>
</kw>
<kw name="Set Variable" owner="BuiltIn">
<msg time="2026-01-01T22:17:13.344059" level="INFO">${options.binary_location} = C:/ChromeTest/chrome-win64/chrome.exe</msg>
<var>${options.binary_location}</var>
<arg>${CHROME_BROWSER_PATH}</arg>
<doc>Returns the given values which can then be assigned to a variables.</doc>
<status status="PASS" start="2026-01-01T22:17:13.343102" elapsed="0.001047"/>
</kw>
<kw name="Evaluate" owner="BuiltIn">
<msg time="2026-01-01T22:17:13.346178" level="INFO">${service} = &lt;selenium.webdriver.chrome.service.Service object at 0x0000020A76558C20&gt;</msg>
<var>${service}</var>
<arg>sys.modules["selenium.webdriver.chrome.service"].Service(executable_path=r"${CHROME_DRIVER_PATH}")</arg>
<arg>sys</arg>
<doc>Evaluates the given expression in Python and returns the result.</doc>
<status status="PASS" start="2026-01-01T22:17:13.344546" elapsed="0.001691"/>
</kw>
<kw name="Create Webdriver" owner="SeleniumLibrary">
<msg time="2026-01-01T22:17:13.346865" level="INFO">Creating an instance of the Chrome WebDriver.</msg>
<arg>Chrome</arg>
<arg>options=${options}</arg>
<arg>service=${service}</arg>
<doc>Creates an instance of Selenium WebDriver.</doc>
<status status="PASS" start="2026-01-01T22:17:13.346543" elapsed="1.624728"/>
</kw>
<kw name="Set Selenium Speed" owner="SeleniumLibrary">
<arg>${delay}</arg>
<doc>Sets the delay that is waited after each Selenium command.</doc>
<status status="PASS" start="2026-01-01T22:17:14.974586" elapsed="0.001117"/>
</kw>
<kw name="Go To" owner="SeleniumLibrary">
<msg time="2026-01-01T22:17:14.978157" level="INFO">Opening url 'http://localhost:7272/StarterFiles/Registration.html'</msg>
<arg>${URL}</arg>
<doc>Navigates the current browser window to the provided ``url``.</doc>
<status status="PASS" start="2026-01-01T22:17:14.977644" elapsed="0.728299"/>
</kw>
<kw name="Input Text" owner="SeleniumLibrary">
<msg time="2026-01-01T22:17:15.707656" level="INFO">Typing text 'CS KKU' into text field 'id=organization'.</msg>
<arg>id=organization</arg>
<arg>CS KKU</arg>
<doc>Types the given ``text`` into the text field identified by ``locator``.</doc>
<status status="PASS" start="2026-01-01T22:17:15.706651" elapsed="0.715900"/>
</kw>
<kw name="Input Text" owner="SeleniumLibrary">
<msg time="2026-01-01T22:17:16.423825" level="INFO">Typing text 'somyod@kkumail.com' into text field 'id=email'.</msg>
<arg>id=email</arg>
<arg>somyod@kkumail.com</arg>
<doc>Types the given ``text`` into the text field identified by ``locator``.</doc>
<status status="PASS" start="2026-01-01T22:17:16.423334" elapsed="0.711249"/>
</kw>
<kw name="Input Text" owner="SeleniumLibrary">
<msg time="2026-01-01T22:17:17.135306" level="INFO">Typing text '091-001-1234' into text field 'id=phone'.</msg>
<arg>id=phone</arg>
<arg>091-001-1234</arg>
<doc>Types the given ``text`` into the text field identified by ``locator``.</doc>
<status status="PASS" start="2026-01-01T22:17:17.135073" elapsed="0.696976"/>
</kw>
<kw name="Click Button" owner="SeleniumLibrary">
<msg time="2026-01-01T22:17:17.835247" level="INFO">Clicking button 'id=registerButton'.</msg>
<arg>id=registerButton</arg>
<doc>Clicks the button identified by ``locator``.</doc>
<status status="PASS" start="2026-01-01T22:17:17.834692" elapsed="0.717153"/>
</kw>
<kw name="Page Should Contain" owner="SeleniumLibrary">
<msg time="2026-01-01T22:17:19.721208" level="INFO" html="true">&lt;/td&gt;&lt;/tr&gt;&lt;tr&gt;&lt;td colspan="3"&gt;&lt;a href="selenium-screenshot-1.png"&gt;&lt;img src="selenium-screenshot-1.png" width="800px"&gt;&lt;/a&gt;</msg>
<msg time="2026-01-01T22:17:19.721472" level="FAIL">Page should have contained text 'Success' but did not.</msg>
<arg>Success</arg>
<doc>Verifies that current page contains ``text``.</doc>
<status status="FAIL" start="2026-01-01T22:17:18.552235" elapsed="1.173649">Page should have contained text 'Success' but did not.</status>
</kw>
<kw name="Capture Page Screenshot" owner="SeleniumLibrary">
<arg>Test1_2_Test2bot_TC01_Result.png</arg>
<doc>Takes a screenshot of the current page and embeds it into a log file.</doc>
<status status="NOT RUN" start="2026-01-01T22:17:19.726424" elapsed="0.000089"/>
</kw>
<kw name="Close Browser" owner="SeleniumLibrary">
<doc>Closes the current browser.</doc>
<status status="NOT RUN" start="2026-01-01T22:17:19.726738" elapsed="0.000037"/>
</kw>
<status status="FAIL" start="2026-01-01T22:17:13.336966" elapsed="6.390089">Page should have contained text 'Success' but did not.</status>
</test>
<status status="FAIL" start="2026-01-01T22:17:12.844317" elapsed="6.883661"/>
</suite>
<statistics>
<total>
<stat pass="0" fail="1" skip="0">All Tests</stat>
</total>
<tag>
</tag>
<suite>
<stat name="Test6bot" id="s1" pass="0" fail="1" skip="0">Test6bot</stat>
</suite>
</statistics>
<errors>
</errors>
</robot>
