<?xml version="1.0" encoding="UTF-8"?>
<robot generator="Robot 7.4.1 (Python 3.14.2 on win32)" generated="2026-01-01T22:13:02.872139" rpa="false" schemaversion="5">
<suite id="s1" name="Test5bot" source="C:\SoftEng\TestAutomationLab\Test2_2\Test5bot.robot">
<test id="s1-t1" name="TC_01: Open website" line="11">
<kw name="Evaluate" owner="BuiltIn">
<msg time="2026-01-01T22:13:03.432148" level="INFO">${options} = &lt;selenium.webdriver.chrome.options.Options object at 0x000001AE75BE92B0&gt;</msg>
<var>${options}</var>
<arg>sys.modules['selenium.webdriver'].ChromeOptions()</arg>
<arg>sys</arg>
<doc>Evaluates the given expression in Python and returns the result.</doc>
<status status="PASS" start="2026-01-01T22:13:03.430913" elapsed="0.001325"/>
</kw>
<kw name="Set Variable" owner="BuiltIn">
<msg time="2026-01-01T22:13:03.433534" level="INFO">${options.binary_location} = C:/ChromeTest/chrome-win64/chrome.exe</msg>
<var>${options.binary_location}</var>
<arg>${CHROME_BROWSER_PATH}</arg>
<doc>Returns the given values which can then be assigned to a variables.</doc>
<status status="PASS" start="2026-01-01T22:13:03.432937" elapsed="0.000649"/>
</kw>
<kw name="Evaluate" owner="BuiltIn">
<msg time="2026-01-01T22:13:03.436230" level="INFO">${service} = &lt;selenium.webdriver.chrome.service.Service object at 0x000001AE75BE8C20&gt;</msg>
<var>${service}</var>
<arg>sys.modules["selenium.webdriver.chrome.service"].Service(executable_path=r"${CHROME_DRIVER_PATH}")</arg>
<arg>sys</arg>
<doc>Evaluates the given expression in Python and returns the result.</doc>
<status status="PASS" start="2026-01-01T22:13:03.434226" elapsed="0.002123"/>
</kw>
<kw name="Create Webdriver" owner="SeleniumLibrary">
<msg time="2026-01-01T22:13:03.438293" level="INFO">Creating an instance of the Chrome WebDriver.</msg>
<arg>Chrome</arg>
<arg>options=${options}</arg>
<arg>service=${service}</arg>
<doc>Creates an instance of Selenium WebDriver.</doc>
<status status="PASS" start="2026-01-01T22:13:03.437210" elapsed="2.316254"/>
</kw>
<kw name="Set Selenium Speed" owner="SeleniumLibrary">
<arg>${delay}</arg>
<doc>Sets the delay that is waited after each Selenium command.</doc>
<status status="PASS" start="2026-01-01T22:13:05.754139" elapsed="0.000915"/>
</kw>
<kw name="Go To" owner="SeleniumLibrary">
<msg time="2026-01-01T22:13:05.755751" level="INFO">Opening url 'http://localhost:7272/StarterFiles/Registration.html'</msg>
<arg>${URL}</arg>
<doc>Navigates the current browser window to the provided ``url``.</doc>
<status status="PASS" start="2026-01-01T22:13:05.755446" elapsed="0.437643"/>
</kw>
<kw name="Input Text" owner="SeleniumLibrary">
<msg time="2026-01-01T22:13:06.197232" level="INFO">Typing text 'Somyod' into text field 'id=firstname'.</msg>
<arg>id=firstname</arg>
<arg>Somyod</arg>
<doc>Types the given ``text`` into the text field identified by ``locator``.</doc>
<status status="PASS" start="2026-01-01T22:13:06.196378" elapsed="0.791485"/>
</kw>
<kw name="Input Text" owner="SeleniumLibrary">
<msg time="2026-01-01T22:13:06.988843" level="INFO">Typing text 'CS KKU' into text field 'id=organization'.</msg>
<arg>id=organization</arg>
<arg>CS KKU</arg>
<doc>Types the given ``text`` into the text field identified by ``locator``.</doc>
<status status="PASS" start="2026-01-01T22:13:06.988381" elapsed="0.811586"/>
</kw>
<kw name="Input Text" owner="SeleniumLibrary">
<msg time="2026-01-01T22:13:07.804998" level="INFO">Typing text 'somyod@kkumail.com' into text field 'id=email'.</msg>
<arg>id=email</arg>
<arg>somyod@kkumail.com</arg>
<doc>Types the given ``text`` into the text field identified by ``locator``.</doc>
<status status="PASS" start="2026-01-01T22:13:07.804167" elapsed="0.746780"/>
</kw>
<kw name="Input Text" owner="SeleniumLibrary">
<msg time="2026-01-01T22:13:08.552152" level="INFO">Typing text '091-001-1234' into text field 'id=phone'.</msg>
<arg>id=phone</arg>
<arg>091-001-1234</arg>
<doc>Types the given ``text`` into the text field identified by ``locator``.</doc>
<status status="PASS" start="2026-01-01T22:13:08.551684" elapsed="0.730644"/>
</kw>
<kw name="Click Button" owner="SeleniumLibrary">
<msg time="2026-01-01T22:13:09.283624" level="INFO">Clicking button 'id=registerButton'.</msg>
<arg>id=registerButton</arg>
<doc>Clicks the button identified by ``locator``.</doc>
<status status="PASS" start="2026-01-01T22:13:09.283123" elapsed="0.707817"/>
</kw>
<kw name="Page Should Contain" owner="SeleniumLibrary">
<msg time="2026-01-01T22:13:11.186491" level="INFO" html="true">&lt;/td&gt;&lt;/tr&gt;&lt;tr&gt;&lt;td colspan="3"&gt;&lt;a href="selenium-screenshot-1.png"&gt;&lt;img src="selenium-screenshot-1.png" width="800px"&gt;&lt;/a&gt;</msg>
<msg time="2026-01-01T22:13:11.186783" level="FAIL">Page should have contained text 'Success' but did not.</msg>
<arg>Success</arg>
<doc>Verifies that current page contains ``text``.</doc>
<status status="FAIL" start="2026-01-01T22:13:09.991322" elapsed="1.202504">Page should have contained text 'Success' but did not.</status>
</kw>
<kw name="Capture Page Screenshot" owner="SeleniumLibrary">
<arg>Test1_2_Test2bot_TC01_Result.png</arg>
<doc>Takes a screenshot of the current page and embeds it into a log file.</doc>
<status status="NOT RUN" start="2026-01-01T22:13:11.194315" elapsed="0.000053"/>
</kw>
<kw name="Close Browser" owner="SeleniumLibrary">
<doc>Closes the current browser.</doc>
<status status="NOT RUN" start="2026-01-01T22:13:11.194525" elapsed="0.000030"/>
</kw>
<status status="FAIL" start="2026-01-01T22:13:03.429921" elapsed="7.765009">Page should have contained text 'Success' but did not.</status>
</test>
<status status="FAIL" start="2026-01-01T22:13:02.876825" elapsed="8.318972"/>
</suite>
<statistics>
<total>
<stat pass="0" fail="1" skip="0">All Tests</stat>
</total>
<tag>
</tag>
<suite>
<stat name="Test5bot" id="s1" pass="0" fail="1" skip="0">Test5bot</stat>
</suite>
</statistics>
<errors>
</errors>
</robot>
