<?xml version="1.0" encoding="UTF-8"?>
<robot generator="Robot 7.4.1 (Python 3.14.2 on win32)" generated="2026-01-01T22:21:23.057384" rpa="false" schemaversion="5">
<suite id="s1" name="Test7bot" source="C:\SoftEng\TestAutomationLab\Test2_4\Test7bot.robot">
<test id="s1-t1" name="TC_01: Open website" line="11">
<kw name="Evaluate" owner="BuiltIn">
<msg time="2026-01-01T22:21:23.699145" level="INFO">${options} = &lt;selenium.webdriver.chrome.options.Options object at 0x0000024BEEF792B0&gt;</msg>
<var>${options}</var>
<arg>sys.modules['selenium.webdriver'].ChromeOptions()</arg>
<arg>sys</arg>
<doc>Evaluates the given expression in Python and returns the result.</doc>
<status status="PASS" start="2026-01-01T22:21:23.697014" elapsed="0.002293"/>
</kw>
<kw name="Set Variable" owner="BuiltIn">
<msg time="2026-01-01T22:21:23.704157" level="INFO">${options.binary_location} = C:/ChromeTest/chrome-win64/chrome.exe</msg>
<var>${options.binary_location}</var>
<arg>${CHROME_BROWSER_PATH}</arg>
<doc>Returns the given values which can then be assigned to a variables.</doc>
<status status="PASS" start="2026-01-01T22:21:23.701833" elapsed="0.002457"/>
</kw>
<kw name="Evaluate" owner="BuiltIn">
<msg time="2026-01-01T22:21:23.706529" level="INFO">${service} = &lt;selenium.webdriver.chrome.service.Service object at 0x0000024BEEF78C20&gt;</msg>
<var>${service}</var>
<arg>sys.modules["selenium.webdriver.chrome.service"].Service(executable_path=r"${CHROME_DRIVER_PATH}")</arg>
<arg>sys</arg>
<doc>Evaluates the given expression in Python and returns the result.</doc>
<status status="PASS" start="2026-01-01T22:21:23.704907" elapsed="0.001693"/>
</kw>
<kw name="Create Webdriver" owner="SeleniumLibrary">
<msg time="2026-01-01T22:21:23.707576" level="INFO">Creating an instance of the Chrome WebDriver.</msg>
<arg>Chrome</arg>
<arg>options=${options}</arg>
<arg>service=${service}</arg>
<doc>Creates an instance of Selenium WebDriver.</doc>
<status status="PASS" start="2026-01-01T22:21:23.707051" elapsed="2.509076"/>
</kw>
<kw name="Set Selenium Speed" owner="SeleniumLibrary">
<arg>${delay}</arg>
<doc>Sets the delay that is waited after each Selenium command.</doc>
<status status="PASS" start="2026-01-01T22:21:26.217952" elapsed="0.001192"/>
</kw>
<kw name="Go To" owner="SeleniumLibrary">
<msg time="2026-01-01T22:21:26.220987" level="INFO">Opening url 'http://localhost:7272/StarterFiles/Registration.html'</msg>
<arg>${URL}</arg>
<doc>Navigates the current browser window to the provided ``url``.</doc>
<status status="PASS" start="2026-01-01T22:21:26.220495" elapsed="0.638499"/>
</kw>
<kw name="Input Text" owner="SeleniumLibrary">
<msg time="2026-01-01T22:21:26.860656" level="INFO">Typing text 'Somyod' into text field 'id=firstname'.</msg>
<arg>id=firstname</arg>
<arg>Somyod</arg>
<doc>Types the given ``text`` into the text field identified by ``locator``.</doc>
<status status="PASS" start="2026-01-01T22:21:26.859607" elapsed="0.827144"/>
</kw>
<kw name="Input Text" owner="SeleniumLibrary">
<msg time="2026-01-01T22:21:27.688500" level="INFO">Typing text 'Sodsai' into text field 'id=lastname'.</msg>
<arg>id=lastname</arg>
<arg>Sodsai</arg>
<doc>Types the given ``text`` into the text field identified by ``locator``.</doc>
<status status="PASS" start="2026-01-01T22:21:27.687544" elapsed="0.700418"/>
</kw>
<kw name="Input Text" owner="SeleniumLibrary">
<msg time="2026-01-01T22:21:28.388904" level="INFO">Typing text 'CS KKU' into text field 'id=organization'.</msg>
<arg>id=organization</arg>
<arg>CS KKU</arg>
<doc>Types the given ``text`` into the text field identified by ``locator``.</doc>
<status status="PASS" start="2026-01-01T22:21:28.388495" elapsed="0.743255"/>
</kw>
<kw name="Input Text" owner="SeleniumLibrary">
<msg time="2026-01-01T22:21:29.133104" level="INFO">Typing text '091-001-1234' into text field 'id=phone'.</msg>
<arg>id=phone</arg>
<arg>091-001-1234</arg>
<doc>Types the given ``text`` into the text field identified by ``locator``.</doc>
<status status="PASS" start="2026-01-01T22:21:29.132499" elapsed="0.710462"/>
</kw>
<kw name="Click Button" owner="SeleniumLibrary">
<msg time="2026-01-01T22:21:29.843829" level="INFO">Clicking button 'id=registerButton'.</msg>
<arg>id=registerButton</arg>
<doc>Clicks the button identified by ``locator``.</doc>
<status status="PASS" start="2026-01-01T22:21:29.843485" elapsed="0.742807"/>
</kw>
<kw name="Page Should Contain" owner="SeleniumLibrary">
<msg time="2026-01-01T22:21:31.792003" level="INFO" html="true">&lt;/td&gt;&lt;/tr&gt;&lt;tr&gt;&lt;td colspan="3"&gt;&lt;a href="selenium-screenshot-1.png"&gt;&lt;img src="selenium-screenshot-1.png" width="800px"&gt;&lt;/a&gt;</msg>
<msg time="2026-01-01T22:21:31.792183" level="FAIL">Page should have contained text 'Success' but did not.</msg>
<arg>Success</arg>
<doc>Verifies that current page contains ``text``.</doc>
<status status="FAIL" start="2026-01-01T22:21:30.586641" elapsed="1.209726">Page should have contained text 'Success' but did not.</status>
</kw>
<kw name="Capture Page Screenshot" owner="SeleniumLibrary">
<arg>Test1_2_Test2bot_TC01_Result.png</arg>
<doc>Takes a screenshot of the current page and embeds it into a log file.</doc>
<status status="NOT RUN" start="2026-01-01T22:21:31.796859" elapsed="0.000069"/>
</kw>
<kw name="Close Browser" owner="SeleniumLibrary">
<doc>Closes the current browser.</doc>
<status status="NOT RUN" start="2026-01-01T22:21:31.797156" elapsed="0.000042"/>
</kw>
<status status="FAIL" start="2026-01-01T22:21:23.695647" elapsed="8.101957">Page should have contained text 'Success' but did not.</status>
</test>
<status status="FAIL" start="2026-01-01T22:21:23.060992" elapsed="8.738388"/>
</suite>
<statistics>
<total>
<stat pass="0" fail="1" skip="0">All Tests</stat>
</total>
<tag>
</tag>
<suite>
<stat name="Test7bot" id="s1" pass="0" fail="1" skip="0">Test7bot</stat>
</suite>
</statistics>
<errors>
</errors>
</robot>
