<?xml version="1.0" encoding="UTF-8"?>
<robot generator="Robot 7.4.1 (Python 3.14.2 on win32)" generated="2026-01-01T21:28:08.116288" rpa="false" schemaversion="5">
<suite id="s1" name="Test2bot" source="C:\SoftEng\TestAutomationLab\Test1_2\Test2bot.robot">
<test id="s1-t1" name="TC_01: Open website" line="11">
<kw name="Evaluate" owner="BuiltIn">
<msg time="2026-01-01T21:28:08.562531" level="INFO">${options} = &lt;selenium.webdriver.chrome.options.Options object at 0x000002381E4392B0&gt;</msg>
<var>${options}</var>
<arg>sys.modules['selenium.webdriver'].ChromeOptions()</arg>
<arg>sys</arg>
<doc>Evaluates the given expression in Python and returns the result.</doc>
<status status="PASS" start="2026-01-01T21:28:08.559918" elapsed="0.002729"/>
</kw>
<kw name="Set Variable" owner="BuiltIn">
<msg time="2026-01-01T21:28:08.564000" level="INFO">${options.binary_location} = C:/ChromeTest/chrome-win64/chrome.exe</msg>
<var>${options.binary_location}</var>
<arg>${CHROME_BROWSER_PATH}</arg>
<doc>Returns the given values which can then be assigned to a variables.</doc>
<status status="PASS" start="2026-01-01T21:28:08.563314" elapsed="0.000751"/>
</kw>
<kw name="Evaluate" owner="BuiltIn">
<msg time="2026-01-01T21:28:08.567187" level="INFO">${service} = &lt;selenium.webdriver.chrome.service.Service object at 0x000002381E438C20&gt;</msg>
<var>${service}</var>
<arg>sys.modules["selenium.webdriver.chrome.service"].Service(executable_path=r"${CHROME_DRIVER_PATH}")</arg>
<arg>sys</arg>
<doc>Evaluates the given expression in Python and returns the result.</doc>
<status status="PASS" start="2026-01-01T21:28:08.564382" elapsed="0.002880"/>
</kw>
<kw name="Create Webdriver" owner="SeleniumLibrary">
<msg time="2026-01-01T21:28:08.569110" level="INFO">Creating an instance of the Chrome WebDriver.</msg>
<arg>Chrome</arg>
<arg>options=${options}</arg>
<arg>service=${service}</arg>
<doc>Creates an instance of Selenium WebDriver.</doc>
<status status="PASS" start="2026-01-01T21:28:08.568420" elapsed="1.904434"/>
</kw>
<kw name="Set Selenium Speed" owner="SeleniumLibrary">
<arg>${delay}</arg>
<doc>Sets the delay that is waited after each Selenium command.</doc>
<status status="PASS" start="2026-01-01T21:28:10.473386" elapsed="0.000602"/>
</kw>
<kw name="Go To" owner="SeleniumLibrary">
<msg time="2026-01-01T21:28:10.475135" level="INFO">Opening url 'http://localhost:7272/StarterFiles/Registration.html'</msg>
<arg>${URL}</arg>
<doc>Navigates the current browser window to the provided ``url``.</doc>
<status status="PASS" start="2026-01-01T21:28:10.474833" elapsed="0.671254"/>
</kw>
<kw name="Input Text" owner="SeleniumLibrary">
<msg time="2026-01-01T21:28:11.147270" level="INFO">Typing text 'Somyod' into text field 'id=firstname'.</msg>
<arg>id=firstname</arg>
<arg>Somyod</arg>
<doc>Types the given ``text`` into the text field identified by ``locator``.</doc>
<status status="PASS" start="2026-01-01T21:28:11.146669" elapsed="0.771932"/>
</kw>
<kw name="Input Text" owner="SeleniumLibrary">
<msg time="2026-01-01T21:28:11.919297" level="INFO">Typing text 'Sodsai' into text field 'id=lastname'.</msg>
<arg>id=lastname</arg>
<arg>Sodsai</arg>
<doc>Types the given ``text`` into the text field identified by ``locator``.</doc>
<status status="PASS" start="2026-01-01T21:28:11.919023" elapsed="0.671025"/>
</kw>
<kw name="Input Text" owner="SeleniumLibrary">
<msg time="2026-01-01T21:28:12.590939" level="INFO">Typing text 'CS KKU' into text field 'id=organization'.</msg>
<arg>id=organization</arg>
<arg>CS KKU</arg>
<doc>Types the given ``text`` into the text field identified by ``locator``.</doc>
<status status="PASS" start="2026-01-01T21:28:12.590597" elapsed="0.698789"/>
</kw>
<kw name="Input Text" owner="SeleniumLibrary">
<msg time="2026-01-01T21:28:13.290369" level="INFO">Typing text 'somyod@kkumail.com' into text field 'id=email'.</msg>
<arg>id=email</arg>
<arg>somyod@kkumail.com</arg>
<doc>Types the given ``text`` into the text field identified by ``locator``.</doc>
<status status="PASS" start="2026-01-01T21:28:13.289979" elapsed="0.687119"/>
</kw>
<kw name="Input Text" owner="SeleniumLibrary">
<msg time="2026-01-01T21:28:13.978014" level="INFO">Typing text '091-001-1234' into text field 'id=phone'.</msg>
<arg>id=phone</arg>
<arg>091-001-1234</arg>
<doc>Types the given ``text`` into the text field identified by ``locator``.</doc>
<status status="PASS" start="2026-01-01T21:28:13.977612" elapsed="0.851516"/>
</kw>
<kw name="Click Button" owner="SeleniumLibrary">
<msg time="2026-01-01T21:28:14.829852" level="INFO">Clicking button 'id=registerButton'.</msg>
<arg>id=registerButton</arg>
<doc>Clicks the button identified by ``locator``.</doc>
<status status="PASS" start="2026-01-01T21:28:14.829548" elapsed="0.780599"/>
</kw>
<kw name="Page Should Contain" owner="SeleniumLibrary">
<msg time="2026-01-01T21:28:16.027286" level="INFO">Current page contains text 'Success'.</msg>
<arg>Success</arg>
<doc>Verifies that current page contains ``text``.</doc>
<status status="PASS" start="2026-01-01T21:28:15.610609" elapsed="0.416831"/>
</kw>
<kw name="Capture Page Screenshot" owner="SeleniumLibrary">
<msg time="2026-01-01T21:28:16.380041" level="INFO" html="true">&lt;/td&gt;&lt;/tr&gt;&lt;tr&gt;&lt;td colspan="3"&gt;&lt;a href="Test1_2_Test2bot_TC01_Result.png"&gt;&lt;img src="Test1_2_Test2bot_TC01_Result.png" width="800px"&gt;&lt;/a&gt;</msg>
<arg>Test1_2_Test2bot_TC01_Result.png</arg>
<doc>Takes a screenshot of the current page and embeds it into a log file.</doc>
<status status="PASS" start="2026-01-01T21:28:16.027795" elapsed="0.352399"/>
</kw>
<kw name="Close Browser" owner="SeleniumLibrary">
<doc>Closes the current browser.</doc>
<status status="PASS" start="2026-01-01T21:28:16.380475" elapsed="2.682233"/>
</kw>
<status status="PASS" start="2026-01-01T21:28:08.558879" elapsed="10.505106"/>
</test>
<status status="PASS" start="2026-01-01T21:28:08.120942" elapsed="10.944928"/>
</suite>
<statistics>
<total>
<stat pass="1" fail="0" skip="0">All Tests</stat>
</total>
<tag>
</tag>
<suite>
<stat name="Test2bot" id="s1" pass="1" fail="0" skip="0">Test2bot</stat>
</suite>
</statistics>
<errors>
</errors>
</robot>
